  A subdirectory or file C:\Users\bensi\Desktop\FinalGroup\6CCGD001WGameGroupProjectFinal\6CCGD001WGameGroupProject\6CCGD001WGameGroupProject\myGame\build\Debug\Content already exists.
  C:\Users\bensi\Desktop\FinalGroup\6CCGD001WGameGroupProjectFinal\6CCGD001WGameGroupProject\6CCGD001WGameGroupProject\myGame\build\..\content\Effects\BasicEffect.cso
  C:\Users\bensi\Desktop\FinalGroup\6CCGD001WGameGroupProjectFinal\6CCGD001WGameGroupProject\6CCGD001WGameGroupProject\myGame\build\..\content\Effects\BasicEffect.fx
  C:\Users\bensi\Desktop\FinalGroup\6CCGD001WGameGroupProjectFinal\6CCGD001WGameGroupProject\6CCGD001WGameGroupProject\myGame\build\..\content\Effects\DiffuseLighting.fx
  C:\Users\bensi\Desktop\FinalGroup\6CCGD001WGameGroupProjectFinal\6CCGD001WGameGroupProject\6CCGD001WGameGroupProject\myGame\build\..\content\Effects\TextureMapping.cso
  C:\Users\bensi\Desktop\FinalGroup\6CCGD001WGameGroupProjectFinal\6CCGD001WGameGroupProject\6CCGD001WGameGroupProject\myGame\build\..\content\Effects\TextureMapping.fx
  C:\Users\bensi\Desktop\FinalGroup\6CCGD001WGameGroupProjectFinal\6CCGD001WGameGroupProject\6CCGD001WGameGroupProject\myGame\build\..\content\Effects\include\Common.fxh
  C:\Users\bensi\Desktop\FinalGroup\6CCGD001WGameGroupProjectFinal\6CCGD001WGameGroupProject\6CCGD001WGameGroupProject\myGame\build\..\content\Fonts\Arial_14_Regular.spritefont
  C:\Users\bensi\Desktop\FinalGroup\6CCGD001WGameGroupProjectFinal\6CCGD001WGameGroupProject\6CCGD001WGameGroupProject\myGame\build\..\content\Models\Bed.3ds
  C:\Users\bensi\Desktop\FinalGroup\6CCGD001WGameGroupProjectFinal\6CCGD001WGameGroupProject\6CCGD001WGameGroupProject\myGame\build\..\content\Models\bench.3ds
  C:\Users\bensi\Desktop\FinalGroup\6CCGD001WGameGroupProjectFinal\6CCGD001WGameGroupProject\6CCGD001WGameGroupProject\myGame\build\..\content\Models\Book.3ds
  C:\Users\bensi\Desktop\FinalGroup\6CCGD001WGameGroupProjectFinal\6CCGD001WGameGroupProject\6CCGD001WGameGroupProject\myGame\build\..\content\Models\Book1.3ds
  C:\Users\bensi\Desktop\FinalGroup\6CCGD001WGameGroupProjectFinal\6CCGD001WGameGroupProject\6CCGD001WGameGroupProject\myGame\build\..\content\Models\Book_Case.3DS
  C:\Users\bensi\Desktop\FinalGroup\6CCGD001WGameGroupProjectFinal\6CCGD001WGameGroupProject\6CCGD001WGameGroupProject\myGame\build\..\content\Models\clock.3ds
  C:\Users\bensi\Desktop\FinalGroup\6CCGD001WGameGroupProjectFinal\6CCGD001WGameGroupProject\6CCGD001WGameGroupProject\myGame\build\..\content\Models\couch.3DS
  C:\Users\bensi\Desktop\FinalGroup\6CCGD001WGameGroupProjectFinal\6CCGD001WGameGroupProject\6CCGD001WGameGroupProject\myGame\build\..\content\Models\DirectionalLightProxy.mtl
  C:\Users\bensi\Desktop\FinalGroup\6CCGD001WGameGroupProjectFinal\6CCGD001WGameGroupProject\6CCGD001WGameGroupProject\myGame\build\..\content\Models\DirectionalLightProxy.obj
  C:\Users\bensi\Desktop\FinalGroup\6CCGD001WGameGroupProjectFinal\6CCGD001WGameGroupProject\6CCGD001WGameGroupProject\myGame\build\..\content\Models\hdtv.3ds
  C:\Users\bensi\Desktop\FinalGroup\6CCGD001WGameGroupProjectFinal\6CCGD001WGameGroupProject\6CCGD001WGameGroupProject\myGame\build\..\content\Models\Hitachi.3DS
  C:\Users\bensi\Desktop\FinalGroup\6CCGD001WGameGroupProjectFinal\6CCGD001WGameGroupProject\6CCGD001WGameGroupProject\myGame\build\..\content\Models\house.3DS
  C:\Users\bensi\Desktop\FinalGroup\6CCGD001WGameGroupProjectFinal\6CCGD001WGameGroupProject\6CCGD001WGameGroupProject\myGame\build\..\content\Models\Key.3ds
  C:\Users\bensi\Desktop\FinalGroup\6CCGD001WGameGroupProjectFinal\6CCGD001WGameGroupProject\6CCGD001WGameGroupProject\myGame\build\..\content\Models\Lancer_Evolution_model.3ds
  C:\Users\bensi\Desktop\FinalGroup\6CCGD001WGameGroupProjectFinal\6CCGD001WGameGroupProject\6CCGD001WGameGroupProject\myGame\build\..\content\Models\Lion.3DS
  C:\Users\bensi\Desktop\FinalGroup\6CCGD001WGameGroupProjectFinal\6CCGD001WGameGroupProject\6CCGD001WGameGroupProject\myGame\build\..\content\Models\psx_analog_controller.3DS
  C:\Users\bensi\Desktop\FinalGroup\6CCGD001WGameGroupProjectFinal\6CCGD001WGameGroupProject\6CCGD001WGameGroupProject\myGame\build\..\content\Models\remote.3ds
  C:\Users\bensi\Desktop\FinalGroup\6CCGD001WGameGroupProjectFinal\6CCGD001WGameGroupProject\6CCGD001WGameGroupProject\myGame\build\..\content\Models\shelf.3DS
  C:\Users\bensi\Desktop\FinalGroup\6CCGD001WGameGroupProjectFinal\6CCGD001WGameGroupProject\6CCGD001WGameGroupProject\myGame\build\..\content\Models\Stool1.3ds
  C:\Users\bensi\Desktop\FinalGroup\6CCGD001WGameGroupProjectFinal\6CCGD001WGameGroupProject\6CCGD001WGameGroupProject\myGame\build\..\content\Models\TV.3ds
  C:\Users\bensi\Desktop\FinalGroup\6CCGD001WGameGroupProjectFinal\6CCGD001WGameGroupProject\6CCGD001WGameGroupProject\myGame\build\..\content\Models\vase_01.3DS
  C:\Users\bensi\Desktop\FinalGroup\6CCGD001WGameGroupProjectFinal\6CCGD001WGameGroupProject\6CCGD001WGameGroupProject\myGame\build\..\content\Models\Wind.3ds
  C:\Users\bensi\Desktop\FinalGroup\6CCGD001WGameGroupProjectFinal\6CCGD001WGameGroupProject\6CCGD001WGameGroupProject\myGame\build\..\content\Textures\bedtexture.png
  C:\Users\bensi\Desktop\FinalGroup\6CCGD001WGameGroupProjectFinal\6CCGD001WGameGroupProject\6CCGD001WGameGroupProject\myGame\build\..\content\Textures\bench.jpg
  C:\Users\bensi\Desktop\FinalGroup\6CCGD001WGameGroupProjectFinal\6CCGD001WGameGroupProject\6CCGD001WGameGroupProject\myGame\build\..\content\Textures\Book10.png
  C:\Users\bensi\Desktop\FinalGroup\6CCGD001WGameGroupProjectFinal\6CCGD001WGameGroupProject\6CCGD001WGameGroupProject\myGame\build\..\content\Textures\Book11.png
  C:\Users\bensi\Desktop\FinalGroup\6CCGD001WGameGroupProjectFinal\6CCGD001WGameGroupProject\6CCGD001WGameGroupProject\myGame\build\..\content\Textures\Book12.png
  C:\Users\bensi\Desktop\FinalGroup\6CCGD001WGameGroupProjectFinal\6CCGD001WGameGroupProject\6CCGD001WGameGroupProject\myGame\build\..\content\Textures\ceramic.jpg
  C:\Users\bensi\Desktop\FinalGroup\6CCGD001WGameGroupProjectFinal\6CCGD001WGameGroupProject\6CCGD001WGameGroupProject\myGame\build\..\content\Textures\Controlremote-beta.png
  C:\Users\bensi\Desktop\FinalGroup\6CCGD001WGameGroupProjectFinal\6CCGD001WGameGroupProject\6CCGD001WGameGroupProject\myGame\build\..\content\Textures\download.jpg
  C:\Users\bensi\Desktop\FinalGroup\6CCGD001WGameGroupProjectFinal\6CCGD001WGameGroupProject\6CCGD001WGameGroupProject\myGame\build\..\content\Textures\gold.jpg
  C:\Users\bensi\Desktop\FinalGroup\6CCGD001WGameGroupProjectFinal\6CCGD001WGameGroupProject\6CCGD001WGameGroupProject\myGame\build\..\content\Textures\grass.jpg
  C:\Users\bensi\Desktop\FinalGroup\6CCGD001WGameGroupProjectFinal\6CCGD001WGameGroupProject\6CCGD001WGameGroupProject\myGame\build\..\content\Textures\grey.jpg
  C:\Users\bensi\Desktop\FinalGroup\6CCGD001WGameGroupProjectFinal\6CCGD001WGameGroupProject\6CCGD001WGameGroupProject\myGame\build\..\content\Textures\house.bmp
  C:\Users\bensi\Desktop\FinalGroup\6CCGD001WGameGroupProjectFinal\6CCGD001WGameGroupProject\6CCGD001WGameGroupProject\myGame\build\..\content\Textures\leather.jpg
  C:\Users\bensi\Desktop\FinalGroup\6CCGD001WGameGroupProjectFinal\6CCGD001WGameGroupProject\6CCGD001WGameGroupProject\myGame\build\..\content\Textures\marble.jpg
  C:\Users\bensi\Desktop\FinalGroup\6CCGD001WGameGroupProjectFinal\6CCGD001WGameGroupProject\6CCGD001WGameGroupProject\myGame\build\..\content\Textures\number.jpg
  C:\Users\bensi\Desktop\FinalGroup\6CCGD001WGameGroupProjectFinal\6CCGD001WGameGroupProject\6CCGD001WGameGroupProject\myGame\build\..\content\Textures\stone.jpg
  C:\Users\bensi\Desktop\FinalGroup\6CCGD001WGameGroupProjectFinal\6CCGD001WGameGroupProject\6CCGD001WGameGroupProject\myGame\build\..\content\Textures\television.jpg
  C:\Users\bensi\Desktop\FinalGroup\6CCGD001WGameGroupProjectFinal\6CCGD001WGameGroupProject\6CCGD001WGameGroupProject\myGame\build\..\content\Textures\wood.jpg
  47 File(s) copied
  Program.cpp
  C:\Program Files (x86)\Windows Kits\10\Include\10.0.18362.0\um\dinput.h: DIRECTINPUT_VERSION undefined. Defaulting to version 0x0800
  RenderingGame.cpp
  C:\Program Files (x86)\Windows Kits\10\Include\10.0.18362.0\um\dinput.h: DIRECTINPUT_VERSION undefined. Defaulting to version 0x0800
  Generating Code...
  Game.vcxproj -> C:\Users\bensi\Desktop\FinalGroup\6CCGD001WGameGroupProjectFinal\6CCGD001WGameGroupProject\6CCGD001WGameGroupProject\myGame\build\Debug\Game.exe
  C:\Users\bensi\Desktop\FinalGroup\6CCGD001WGameGroupProjectFinal\6CCGD001WGameGroupProject\6CCGD001WGameGroupProject\myGame\build\..\..\external\assimp\bin\assimp_release-dll_win32\assimp.dll
          1 file(s) copied.
